[      51ms] [ERROR] Failed to load resource: the server responded with a status of 404 (Not Found) @ http://localhost:4321/images/mygrade.png:0
[      51ms] [ERROR] Failed to load resource: the server responded with a status of 404 (Not Found) @ http://localhost:4321/images/%E4%BA%8C%E7%AD%89%E5%A5%96%E5%AD%A6%E9%87%91.jpg:0
[      52ms] [ERROR] Failed to load resource: the server responded with a status of 404 (Not Found) @ http://localhost:4321/images/%E4%BC%98%E7%A7%80%E5%AD%A6%E7%94%9F.jpg:0
[      52ms] [ERROR] Failed to load resource: the server responded with a status of 404 (Not Found) @ http://localhost:4321/images/%E7%AC%AC%E5%9B%9B%E5%B1%8A%E5%9B%BD%E9%99%85%E6%B5%B7%E6%B4%8B%E5%B7%A5%E7%A8%8B%E5%87%86%E5%A4%87%E7%A7%91%E6%8A%80%E5%88%9B%E6%96%B0%E5%A4%A7%E8%B5%9B.jpg:0
[      52ms] [ERROR] Failed to load resource: the server responded with a status of 404 (Not Found) @ http://localhost:4321/images/%E7%AC%AC%E4%BA%94%E5%B1%8A%E6%B5%B7%E5%B7%A5.jpg:0
[      53ms] [ERROR] Failed to load resource: the server responded with a status of 404 (Not Found) @ http://localhost:4321/images/%E5%B1%B1%E4%B8%9C%E7%9C%81%E6%9C%BA%E5%99%A8%E4%BA%BA%E5%A4%A7%E8%B5%9B%E4%B8%89%E7%AD%89%E5%A5%96.jpg:0
[      53ms] [ERROR] Failed to load resource: the server responded with a status of 404 (Not Found) @ http://localhost:4321/images/%E7%AC%AC%E5%8D%81%E5%9B%9B%E5%B1%8A%E8%93%9D%E6%A1%A5%E6%9D%AF%E7%94%B5%E5%AD%90%E8%B5%9B%E7%9C%81%E5%A5%96.jpg:0
[      53ms] [ERROR] Failed to load resource: the server responded with a status of 404 (Not Found) @ http://localhost:4321/images/%E5%8D%8E%E4%B8%BAHSD%E8%AF%81%E4%B9%A6.jpg:0
[      59ms] [ERROR] Failed to load resource: the server responded with a status of 404 (Not Found) @ http://localhost:4321/images/%E4%B8%AA%E4%BA%BA%E5%BE%AE%E4%BF%A1.png:0
[     121ms] [ERROR] Failed to load resource: the server responded with a status of 404 (Not Found) @ http://localhost:4321/images/mygrade.png:0
[     135ms] [ERROR] Failed to load resource: the server responded with a status of 404 (Not Found) @ http://localhost:4321/images/%E4%BA%8C%E7%AD%89%E5%A5%96%E5%AD%A6%E9%87%91.jpg:0
[     151ms] [ERROR] Failed to load resource: the server responded with a status of 404 (Not Found) @ http://localhost:4321/images/%E4%BC%98%E7%A7%80%E5%AD%A6%E7%94%9F.jpg:0
[     164ms] [ERROR] Failed to load resource: the server responded with a status of 404 (Not Found) @ http://localhost:4321/images/%E7%AC%AC%E5%9B%9B%E5%B1%8A%E5%9B%BD%E9%99%85%E6%B5%B7%E6%B4%8B%E5%B7%A5%E7%A8%8B%E5%87%86%E5%A4%87%E7%A7%91%E6%8A%80%E5%88%9B%E6%96%B0%E5%A4%A7%E8%B5%9B.jpg:0
[     167ms] [ERROR] Failed to load resource: the server responded with a status of 404 (Not Found) @ http://localhost:4321/images/%E7%AC%AC%E4%BA%94%E5%B1%8A%E6%B5%B7%E5%B7%A5.jpg:0
[     170ms] [ERROR] Failed to load resource: the server responded with a status of 404 (Not Found) @ http://localhost:4321/images/%E5%B1%B1%E4%B8%9C%E7%9C%81%E6%9C%BA%E5%99%A8%E4%BA%BA%E5%A4%A7%E8%B5%9B%E4%B8%89%E7%AD%89%E5%A5%96.jpg:0
[     175ms] [ERROR] Failed to load resource: the server responded with a status of 404 (Not Found) @ http://localhost:4321/images/%E7%AC%AC%E5%8D%81%E5%9B%9B%E5%B1%8A%E8%93%9D%E6%A1%A5%E6%9D%AF%E7%94%B5%E5%AD%90%E8%B5%9B%E7%9C%81%E5%A5%96.jpg:0
[     182ms] [ERROR] Failed to load resource: the server responded with a status of 404 (Not Found) @ http://localhost:4321/images/%E5%8D%8E%E4%B8%BAHSD%E8%AF%81%E4%B9%A6.jpg:0
[     184ms] [ERROR] Failed to load resource: the server responded with a status of 404 (Not Found) @ http://localhost:4321/images/%E4%B8%AA%E4%BA%BA%E5%BE%AE%E4%BF%A1.png:0
[   77084ms] [ERROR] Failed to load resource: net::ERR_CONNECTION_REFUSED @ http://localhost:4321/@vite/client:0
[   77085ms] [ERROR] Failed to load resource: net::ERR_CONNECTION_REFUSED @ http://localhost:4321/@id/astro/runtime/client/dev-toolbar/entrypoint.js:0
[   77085ms] [ERROR] Failed to load resource: net::ERR_CONNECTION_REFUSED @ http://localhost:4321/src/styles/global.css:0
[   77113ms] [ERROR] Failed to load resource: net::ERR_CONNECTION_REFUSED @ http://localhost:4321/src/components/layout/Header.astro?astro&type=script&index=0&lang.ts:0
[   77114ms] [ERROR] Failed to load resource: net::ERR_CONNECTION_REFUSED @ http://localhost:4321/images/%E4%BC%98%E7%A7%80%E5%AD%A6%E7%94%9F.jpg:0
[   77114ms] [ERROR] Failed to load resource: net::ERR_CONNECTION_REFUSED @ http://localhost:4321/images/mygrade.png:0
